<?xml version="1.0" encoding="UTF-8"?>
<!-- Generated by org.testng.reporters.JUnitXMLReporter -->
<testsuite hostname="in-suhailma-1" ignored="0" name="Default test" tests="5" failures="0" timestamp="01 Oct 2018 13:55:29 GMT" time="64.722" errors="0">
  <testcase name="halfEbayRegistration" time="2.072" classname="com.crm.qa.practice.DataProvider"/>
  <testcase name="halfEbayRegistration" time="2.88" classname="com.crm.qa.practice.DataProvider"/>
  <testcase name="halfEbayRegistration" time="2.558" classname="com.crm.qa.practice.DataProvider"/>
  <testcase name="halfEbayRegistration" time="2.004" classname="com.crm.qa.practice.DataProvider"/>
  <testcase name="halfEbayRegistration" time="2.486" classname="com.crm.qa.practice.DataProvider"/>
</testsuite> <!-- Default test -->
